<?xml version="1.0" encoding="UTF-8"?>
<!-- Generated by org.testng.reporters.JUnitXMLReporter -->
<testsuite hostname="D-441008595" ignored="0" name="Default test" tests="5" failures="0" timestamp="14 Feb 2018 10:21:08 GMT" time="178.839" errors="0">
  <testcase name="registration" time="2.94" classname="com.wipro.opencart.tests.RegistrationAndAddToCart"/>
  <testcase name="addReviewOnViewedProduct" time="29.646" classname="com.wipro.opencart.tests.RegistrationAndAddToCart"/>
  <testcase name="addReviewOnViewedProduct" time="61.19" classname="com.wipro.opencart.tests.RegistrationAndAddToCart"/>
  <testcase name="addToWishlist" time="2.265" classname="com.wipro.opencart.tests.RegistrationAndAddToCart"/>
  <testcase name="addToCart" time="70.07" classname="com.wipro.opencart.tests.RegistrationAndAddToCart"/>
</testsuite> <!-- Default test -->
