<?xml version="1.0" encoding="UTF-8"?>
<!-- Generated by org.testng.reporters.JUnitXMLReporter -->
<testsuite hostname="D-441008595" ignored="0" name="Test1" tests="5" failures="0" timestamp="14 Feb 2018 11:43:15 GMT" time="178.496" errors="0">
  <testcase name="registration" time="3.092" classname="com.wipro.opencart.tests.RegistrationAndAddToCart"/>
  <testcase name="addReviewOnViewedProduct" time="13.923" classname="com.wipro.opencart.tests.RegistrationAndAddToCart"/>
  <testcase name="addReviewOnViewedProduct" time="80.586" classname="com.wipro.opencart.tests.RegistrationAndAddToCart"/>
  <testcase name="addToWishlist" time="5.542" classname="com.wipro.opencart.tests.RegistrationAndAddToCart"/>
  <testcase name="addToCart" time="62.048" classname="com.wipro.opencart.tests.RegistrationAndAddToCart"/>
</testsuite> <!-- Test1 -->
